Downloads/ARLocation/ARLocation/unityLibrary/build/intermediates/manifest_merge_blame_file/debug/processDebugManifest/manifest-merger-blame-debug-report.txt
1<?xml version="1.0" encoding="utf-8"?>
2<manifest xmlns:android="http://schemas.android.com/apk/res/android"
3    xmlns:tools="http://schemas.android.com/tools"
4    package="com.unity3d.player" >
5
6    <uses-sdk android:minSdkVersion="24" />
7
8    <application
8-->src\main\AndroidManifest.xml:5:3-29:17
9        android:extractNativeLibs="true"
9-->src\main\AndroidManifest.xml:6:7-39
10        android:label="@string/app_name"
10-->src\main\AndroidManifest.xml:7:7-39
11        android:theme="@style/UnityThemeSelector"
11-->src\main\AndroidManifest.xml:9:7-48
12        tools:replace="android:label" >
12-->src\main\AndroidManifest.xml:8:7-36
13
14        <!-- Unity AR Player Activity -->
15        <activity
15-->src\main\AndroidManifest.xml:12:5-27:16
16            android:name="com.unity3d.player.UnityPlayerActivity"
16-->src\main\AndroidManifest.xml:13:9-62
17            android:configChanges="mcc|mnc|locale|touchscreen|keyboard|keyboardHidden|navigation|orientation|screenLayout|uiMode|screenSize|smallestScreenSize|fontScale|layoutDirection|density"
17-->src\main\AndroidManifest.xml:19:9-190
18            android:exported="true"
18-->src\main\AndroidManifest.xml:14:9-32
19            android:hardwareAccelerated="true"
19-->src\main\AndroidManifest.xml:17:9-43
20            android:launchMode="singleTask"
20-->src\main\AndroidManifest.xml:15:9-40
21            android:resizeableActivity="false"
21-->src\main\AndroidManifest.xml:18:9-43
22            android:screenOrientation="fullUser"
22-->src\main\AndroidManifest.xml:16:9-45
23            android:theme="@style/UnityThemeSelector" >
23-->src\main\AndroidManifest.xml:20:9-50
24
25            <!-- Unity Metadata -->
26            <meta-data
26-->src\main\AndroidManifest.xml:23:7-82
27                android:name="unityplayer.UnityActivity"
27-->src\main\AndroidManifest.xml:23:18-58
28                android:value="true" />
28-->src\main\AndroidManifest.xml:23:59-79
29            <meta-data
29-->src\main\AndroidManifest.xml:24:7-78
30                android:name="android.notch_support"
30-->src\main\AndroidManifest.xml:24:18-54
31                android:value="true" />
31-->src\main\AndroidManifest.xml:24:55-75
32            <meta-data
32-->src\main\AndroidManifest.xml:25:7-71
33                android:name="unity.splash-mode"
33-->src\main\AndroidManifest.xml:25:18-50
34                android:value="0" />
34-->src\main\AndroidManifest.xml:25:51-68
35        </activity>
36    </application>
37
38</manifest>